[2026-02-27 13:19:51] 로그 파일: D:\DPDK\01_Windows\_backup_netuio\install_20260227_131951.log
[2026-02-27 13:19:51] [사전검증 1/4] 관리자 권한 확인...
[2026-02-27 13:19:51]    [OK] 관리자 권한 확인됨
[2026-02-27 13:19:51] [사전검증 2/4] Secure Boot 상태 확인...
[2026-02-27 13:19:52]    [INFO] Secure Boot 상태 확인 불가 (Legacy BIOS일 수 있음)
[2026-02-27 13:19:52] [사전검증 3/4] TestSigning 상태 확인...
[2026-02-27 13:19:52]    [OK] TestSigning이 활성화되어 있습니다.
[2026-02-27 13:19:52] [사전검증 4/4] 드라이버 파일 확인...
[2026-02-27 13:19:52]    [OK] netuio.inf, netuio.sys 확인됨
[2026-02-27 13:19:52] [안전장치] 시스템 복원 지점 생성...
[2026-02-27 13:19:52]    [OK] 복원 지점 생성 완료
[2026-02-27 13:19:52] [안전장치] 현재 NIC 드라이버 정보 백업...
[2026-02-27 13:19:54]    [OK] NIC 정보 백업됨: D:\DPDK\01_Windows\_backup_netuio\nic_drivers_backup_20260227_131952.txt
[2026-02-27 13:19:54] [1/5] WDK 도구 찾는 중...
[2026-02-27 13:19:54]    Inf2Cat: C:\Program Files (x86)\Windows Kits\10\bin\x86\Inf2Cat.exe
[2026-02-27 13:19:54]    SignTool: C:\Program Files (x86)\Windows Kits\10\bin\10.0.26100.0\x64\signtool.exe
[2026-02-27 13:19:54] [2/5] 카탈로그 파일 생성 (netuio.cat)...
[2026-02-27 13:19:54]    기존 netuio.cat 삭제됨
[2026-02-27 13:19:57]    [OK] 카탈로그 생성 완료
[2026-02-27 13:19:57] [3/5] 자체서명 인증서 생성...
[2026-02-27 13:19:58]    [OK] 인증서 생성됨: D:\DPDK\01_Windows\dpdk-kmods\windows\netuio\x64\Release\netuio\netuio.cer
[2026-02-27 13:19:58]    Trusted Root 및 TrustedPublisher에 등록 중...
[2026-02-27 13:20:00]    [OK] 인증서 신뢰 등록 완료
[2026-02-27 13:20:00] [4/5] 드라이버 파일 서명 (.sys, .cat)...
[2026-02-27 13:20:00]    타임스탬프 서버 시도: http://timestamp.digicert.com
[2026-02-27 13:20:01]    [OK] 서명 성공 (서버: http://timestamp.digicert.com)
[2026-02-27 13:20:01] [5/5] PnPUtil로 드라이버 설치...
[2026-02-27 13:20:01]    (주의: /install은 드라이버 저장소에만 추가합니다. NIC 바인딩은 별도)
[2026-02-27 13:20:44]    pnputil 결과:
[2026-02-27 13:20:44]    Microsoft PnP 유틸리티
[2026-02-27 13:20:44]    
[2026-02-27 13:20:44]    드라이버 패키지를 추가하는 중:  netuio.inf
[2026-02-27 13:20:44]    드라이버 패키지를 추가했습니다.
[2026-02-27 13:20:44]    게시된 이름:         oem12.inf
[2026-02-27 13:20:44]    드라이버 패키지가 장치에서 최신 상태임:PCI\VEN_8086&DEV_1563&SUBSYS_001D8086&REV_01\4&1f22be48&0&00E4
[2026-02-27 13:20:44]    드라이버 패키지가 장치에서 최신 상태임:PCI\VEN_8086&DEV_1563&SUBSYS_001D8086&REV_01\4&1f22be48&0&01E4
[2026-02-27 13:20:44]    
[2026-02-27 13:20:44]    총 드라이버 패키지:  1
[2026-02-27 13:20:44]    추가된 드라이버 패키지:  0
[2026-02-27 13:20:44]    [FAIL] 드라이버 설치 실패 (exit code: 259)
[2026-02-27 13:20:44]    롤백: 인증서를 제거합니다...
[2026-02-27 13:20:44]    롤백 완료.
