[2026-02-27 13:21:49] 로그 파일: D:\DPDK\01_Windows\_backup_netuio\install_20260227_132149.log
[2026-02-27 13:21:49] [사전검증 1/4] 관리자 권한 확인...
[2026-02-27 13:21:49]    [OK] 관리자 권한 확인됨
[2026-02-27 13:21:49] [사전검증 2/4] Secure Boot 상태 확인...
[2026-02-27 13:21:49]    [INFO] Secure Boot 상태 확인 불가 (Legacy BIOS일 수 있음)
[2026-02-27 13:21:49] [사전검증 3/4] TestSigning 상태 확인...
[2026-02-27 13:21:49]    [OK] TestSigning이 활성화되어 있습니다.
[2026-02-27 13:21:49] [사전검증 4/4] 드라이버 파일 확인...
[2026-02-27 13:21:49]    [OK] netuio.inf, netuio.sys 확인됨
[2026-02-27 13:21:49] [안전장치] 시스템 복원 지점 생성...
[2026-02-27 13:21:49]    [OK] 복원 지점 생성 완료
[2026-02-27 13:21:49] [안전장치] 현재 NIC 드라이버 정보 백업...
[2026-02-27 13:21:50]    [OK] NIC 정보 백업됨: D:\DPDK\01_Windows\_backup_netuio\nic_drivers_backup_20260227_132149.txt
[2026-02-27 13:21:50] [1/5] WDK 도구 찾는 중...
[2026-02-27 13:21:50]    Inf2Cat: C:\Program Files (x86)\Windows Kits\10\bin\x86\Inf2Cat.exe
[2026-02-27 13:21:50]    SignTool: C:\Program Files (x86)\Windows Kits\10\bin\10.0.26100.0\x64\signtool.exe
[2026-02-27 13:21:50] [2/5] 카탈로그 파일 생성 (netuio.cat)...
[2026-02-27 13:21:53]    [OK] 카탈로그 생성 완료
[2026-02-27 13:21:53] [3/5] 자체서명 인증서 생성...
[2026-02-27 13:21:53]    [OK] 인증서 생성됨: D:\DPDK\01_Windows\dpdk-kmods\windows\netuio\x64\Release\netuio\netuio.cer
[2026-02-27 13:21:53]    Trusted Root 및 TrustedPublisher에 등록 중...
[2026-02-27 13:21:55]    [OK] 인증서 신뢰 등록 완료
[2026-02-27 13:21:55] [4/5] 드라이버 파일 서명 (.sys, .cat)...
[2026-02-27 13:21:55]    타임스탬프 서버 시도: http://timestamp.digicert.com
[2026-02-27 13:21:57]    [OK] 서명 성공 (서버: http://timestamp.digicert.com)
[2026-02-27 13:21:57] [5/5] PnPUtil로 드라이버 설치...
[2026-02-27 13:21:57]    (주의: /install은 드라이버 저장소에만 추가합니다. NIC 바인딩은 별도)
[2026-02-27 13:21:57]    pnputil 결과:
[2026-02-27 13:21:57]    Microsoft PnP 유틸리티
[2026-02-27 13:21:57]    
[2026-02-27 13:21:57]    드라이버 패키지를 추가하는 중:  netuio.inf
[2026-02-27 13:21:57]    드라이버 패키지를 추가했습니다. (시스템에 이미 있음)
[2026-02-27 13:21:57]    게시된 이름:         oem12.inf
[2026-02-27 13:21:57]    드라이버 패키지가 장치에서 최신 상태임:PCI\VEN_8086&DEV_1563&SUBSYS_001D8086&REV_01\4&1f22be48&0&00E4
[2026-02-27 13:21:57]    드라이버 패키지가 장치에서 최신 상태임:PCI\VEN_8086&DEV_1563&SUBSYS_001D8086&REV_01\4&1f22be48&0&01E4
[2026-02-27 13:21:57]    
[2026-02-27 13:21:57]    총 드라이버 패키지:  1
[2026-02-27 13:21:57]    추가된 드라이버 패키지:  0
[2026-02-27 13:21:57]    [OK] 드라이버 등록 완료 (exit code 259: 정상 - 추가 항목 없음)
[2026-02-27 13:21:57] [검증] 드라이버 설치 결과 확인...
[2026-02-27 13:21:57]    [OK] netuio 드라이버 등록 확인됨: oem12.inf
[2026-02-27 13:21:57]    NIC 드라이버 백업: D:\DPDK\01_Windows\_backup_netuio\nic_drivers_backup_20260227_132149.txt
[2026-02-27 13:21:57]    설치 로그: D:\DPDK\01_Windows\_backup_netuio\install_20260227_132149.log
